<?xml version="1.0" encoding="UTF-8"?>
<!-- Generated by org.testng.reporters.JUnitReportReporter -->
<testsuite skipped="0" hostname="DESKTOP-GRDMPPQ" name="org.acdigital.achdd.ac_reservation.ui.ac_ui_hdd_poc.selenium.ExtentreportKSRA" tests="1" failures="0" timestamp="2021-05-05T11:51:21 IST" time="10.509" errors="0">
  <testcase name="extentReportsDemo" time="10.509" classname="org.acdigital.achdd.ac_reservation.ui.ac_ui_hdd_poc.selenium.ExtentreportKSRA"/>
  <system-out/>
</testsuite> <!-- org.acdigital.achdd.ac_reservation.ui.ac_ui_hdd_poc.selenium.ExtentreportKSRA -->
