<?xml version="1.0" encoding="UTF-8"?>
<!-- Generated by org.testng.reporters.JUnitReportReporter -->
<testsuite skipped="0" hostname="DESKTOP-GRDMPPQ" name="org.acdigital.achdd.ac_reservation.ui.ac_ui_hdd_poc.selenium.TestNGSample" tests="1" failures="0" timestamp="21 Mar 2021 02:55:45 GMT" time="0.024" errors="0">
  <testcase name="testRunner" time="0.024" classname="org.acdigital.achdd.ac_reservation.ui.ac_ui_hdd_poc.selenium.TestNGSample"/>
</testsuite> <!-- org.acdigital.achdd.ac_reservation.ui.ac_ui_hdd_poc.selenium.TestNGSample -->
