<?xml version="1.0" encoding="UTF-8"?>
<!-- Generated by org.testng.reporters.JUnitReportReporter -->
<testsuite skipped="0" hostname="DESKTOP-GRDMPPQ" name="org.acdigital.achdd.ac_reservation.ui.ac_ui_hdd_poc.selenium.TestNGtestClass$SimpleTest" tests="2" failures="0" timestamp="2021-05-08T05:19:20 IST" time="0.009" errors="0">
  <testcase name="aFastTest" time="0.007" classname="org.acdigital.achdd.ac_reservation.ui.ac_ui_hdd_poc.selenium.TestNGtestClass$SimpleTest"/>
  <system-out/>
  <testcase name="aSlowTest" time="0.002" classname="org.acdigital.achdd.ac_reservation.ui.ac_ui_hdd_poc.selenium.TestNGtestClass$SimpleTest"/>
  <system-out/>
</testsuite> <!-- org.acdigital.achdd.ac_reservation.ui.ac_ui_hdd_poc.selenium.TestNGtestClass$SimpleTest -->
