<?xml version="1.0" encoding="UTF-8"?>
<!-- Generated by org.testng.reporters.JUnitReportReporter -->
<testsuite skipped="0" hostname="DESKTOP-GRDMPPQ" name="org.acdigital.achdd.ac_reservation.ui.ac_ui_hdd_poc.po.ExtentReports1" tests="1" failures="0" timestamp="2021-04-13T16:26:04 IST" time="15.897" errors="0">
  <testcase name="runReports" time="15.897" classname="org.acdigital.achdd.ac_reservation.ui.ac_ui_hdd_poc.po.ExtentReports1"/>
  <system-out/>
</testsuite> <!-- org.acdigital.achdd.ac_reservation.ui.ac_ui_hdd_poc.po.ExtentReports1 -->
